<?xml version="1.0" encoding="UTF-8"?>
<!-- Generated by org.testng.reporters.JUnitReportReporter -->
<testsuite skipped="0" hostname="Nehas-MacBook-Air.local" name="com.cnhi.tests.Demotest" tests="1" failures="0" timestamp="23 Mar 2022 05:26:33 GMT" time="191.944" errors="0">
  <testcase name="BreakdownCreationVehicleDetailsTest" time="191.944" classname="com.cnhi.tests.Demotest"/>
</testsuite> <!-- com.cnhi.tests.Demotest -->
